<?xml version="1.0" ?>
<coverage version="7.12.0" timestamp="1765521438765" lines-valid="944" lines-covered="733" line-rate="0.7765" branches-covered="0" branches-valid="0" branch-rate="0" complexity="0">
	<!-- Generated by coverage.py: https://coverage.readthedocs.io/en/7.12.0 -->
	<!-- Based on https://raw.githubusercontent.com/cobertura/web/master/htdocs/xml/coverage-04.dtd -->
	<sources>
		<source>C:\Users\Meshell\Desktop\FastHTML\Faststrap</source>
	</sources>
	<packages>
		<package name="src.faststrap" line-rate="1" branch-rate="0" complexity="0">
			<classes>
				<class name="__init__.py" filename="src/faststrap/__init__.py" complexity="0" line-rate="1" branch-rate="0">
					<methods/>
					<lines>
						<line number="6" hits="1"/>
						<line number="7" hits="1"/>
						<line number="8" hits="1"/>
						<line number="12" hits="1"/>
						<line number="15" hits="1"/>
						<line number="16" hits="1"/>
						<line number="19" hits="1"/>
						<line number="22" hits="1"/>
						<line number="33" hits="1"/>
						<line number="34" hits="1"/>
						<line number="35" hits="1"/>
						<line number="38" hits="1"/>
						<line number="40" hits="1"/>
					</lines>
				</class>
			</classes>
		</package>
		<package name="src.faststrap.components" line-rate="1" branch-rate="0" complexity="0">
			<classes>
				<class name="__init__.py" filename="src/faststrap/components/__init__.py" complexity="0" line-rate="1" branch-rate="0">
					<methods/>
					<lines>
						<line number="5" hits="1"/>
						<line number="8" hits="1"/>
						<line number="9" hits="1"/>
						<line number="12" hits="1"/>
						<line number="15" hits="1"/>
						<line number="27" hits="1"/>
					</lines>
				</class>
			</classes>
		</package>
		<package name="src.faststrap.components.display" line-rate="1" branch-rate="0" complexity="0">
			<classes>
				<class name="__init__.py" filename="src/faststrap/components/display/__init__.py" complexity="0" line-rate="1" branch-rate="0">
					<methods/>
					<lines>
						<line number="3" hits="1"/>
						<line number="4" hits="1"/>
						<line number="6" hits="1"/>
					</lines>
				</class>
				<class name="badge.py" filename="src/faststrap/components/display/badge.py" complexity="0" line-rate="1" branch-rate="0">
					<methods/>
					<lines>
						<line number="3" hits="1"/>
						<line number="5" hits="1"/>
						<line number="7" hits="1"/>
						<line number="8" hits="1"/>
						<line number="10" hits="1"/>
						<line number="22" hits="1"/>
						<line number="63" hits="1"/>
						<line number="66" hits="1"/>
						<line number="69" hits="1"/>
						<line number="70" hits="1"/>
						<line number="73" hits="1"/>
						<line number="74" hits="1"/>
						<line number="77" hits="1"/>
						<line number="80" hits="1"/>
						<line number="82" hits="1"/>
					</lines>
				</class>
				<class name="card.py" filename="src/faststrap/components/display/card.py" complexity="0" line-rate="1" branch-rate="0">
					<methods/>
					<lines>
						<line number="3" hits="1"/>
						<line number="5" hits="1"/>
						<line number="7" hits="1"/>
						<line number="8" hits="1"/>
						<line number="11" hits="1"/>
						<line number="81" hits="1"/>
						<line number="84" hits="1"/>
						<line number="85" hits="1"/>
						<line number="88" hits="1"/>
						<line number="89" hits="1"/>
						<line number="92" hits="1"/>
						<line number="95" hits="1"/>
						<line number="96" hits="1"/>
						<line number="99" hits="1"/>
						<line number="100" hits="1"/>
						<line number="103" hits="1"/>
						<line number="106" hits="1"/>
						<line number="107" hits="1"/>
						<line number="108" hits="1"/>
						<line number="110" hits="1"/>
						<line number="113" hits="1"/>
						<line number="114" hits="1"/>
						<line number="117" hits="1"/>
						<line number="118" hits="1"/>
						<line number="121" hits="1"/>
						<line number="123" hits="1"/>
						<line number="124" hits="1"/>
						<line number="126" hits="1"/>
						<line number="129" hits="1"/>
						<line number="130" hits="1"/>
						<line number="133" hits="1"/>
						<line number="134" hits="1"/>
						<line number="137" hits="1"/>
						<line number="138" hits="1"/>
						<line number="140" hits="1"/>
					</lines>
				</class>
			</classes>
		</package>
		<package name="src.faststrap.components.feedback" line-rate="0.9114" branch-rate="0" complexity="0">
			<classes>
				<class name="__init__.py" filename="src/faststrap/components/feedback/__init__.py" complexity="0" line-rate="1" branch-rate="0">
					<methods/>
					<lines>
						<line number="3" hits="1"/>
						<line number="4" hits="1"/>
						<line number="5" hits="1"/>
						<line number="6" hits="1"/>
						<line number="7" hits="1"/>
						<line number="9" hits="1"/>
					</lines>
				</class>
				<class name="alert.py" filename="src/faststrap/components/feedback/alert.py" complexity="0" line-rate="1" branch-rate="0">
					<methods/>
					<lines>
						<line number="3" hits="1"/>
						<line number="5" hits="1"/>
						<line number="7" hits="1"/>
						<line number="8" hits="1"/>
						<line number="10" hits="1"/>
						<line number="22" hits="1"/>
						<line number="75" hits="1"/>
						<line number="78" hits="1"/>
						<line number="79" hits="1"/>
						<line number="82" hits="1"/>
						<line number="83" hits="1"/>
						<line number="86" hits="1"/>
						<line number="89" hits="1"/>
						<line number="92" hits="1"/>
						<line number="95" hits="1"/>
						<line number="96" hits="1"/>
						<line number="99" hits="1"/>
						<line number="102" hits="1"/>
						<line number="103" hits="1"/>
						<line number="110" hits="1"/>
						<line number="112" hits="1"/>
					</lines>
				</class>
				<class name="modal.py" filename="src/faststrap/components/feedback/modal.py" complexity="0" line-rate="1" branch-rate="0">
					<methods/>
					<lines>
						<line number="3" hits="1"/>
						<line number="5" hits="1"/>
						<line number="7" hits="1"/>
						<line number="8" hits="1"/>
						<line number="10" hits="1"/>
						<line number="14" hits="1"/>
						<line number="92" hits="1"/>
						<line number="94" hits="1"/>
						<line number="95" hits="1"/>
						<line number="97" hits="1"/>
						<line number="98" hits="1"/>
						<line number="100" hits="1"/>
						<line number="101" hits="1"/>
						<line number="103" hits="1"/>
						<line number="104" hits="1"/>
						<line number="105" hits="1"/>
						<line number="107" hits="1"/>
						<line number="110" hits="1"/>
						<line number="111" hits="1"/>
						<line number="112" hits="1"/>
						<line number="114" hits="1"/>
						<line number="115" hits="1"/>
						<line number="117" hits="1"/>
						<line number="125" hits="1"/>
						<line number="126" hits="1"/>
						<line number="127" hits="1"/>
						<line number="130" hits="1"/>
						<line number="131" hits="1"/>
						<line number="134" hits="1"/>
						<line number="137" hits="1"/>
						<line number="138" hits="1"/>
						<line number="148" hits="1"/>
						<line number="151" hits="1"/>
						<line number="152" hits="1"/>
						<line number="155" hits="1"/>
						<line number="156" hits="1"/>
						<line number="157" hits="1"/>
						<line number="160" hits="1"/>
						<line number="161" hits="1"/>
						<line number="164" hits="1"/>
						<line number="165" hits="1"/>
						<line number="167" hits="1"/>
					</lines>
				</class>
				<class name="progress.py" filename="src/faststrap/components/feedback/progress.py" complexity="0" line-rate="0.6111" branch-rate="0">
					<methods/>
					<lines>
						<line number="3" hits="1"/>
						<line number="5" hits="1"/>
						<line number="7" hits="1"/>
						<line number="8" hits="1"/>
						<line number="10" hits="1"/>
						<line number="15" hits="1"/>
						<line number="87" hits="1"/>
						<line number="90" hits="1"/>
						<line number="92" hits="1"/>
						<line number="93" hits="1"/>
						<line number="95" hits="1"/>
						<line number="96" hits="1"/>
						<line number="98" hits="1"/>
						<line number="99" hits="1"/>
						<line number="102" hits="1"/>
						<line number="113" hits="1"/>
						<line number="114" hits="1"/>
						<line number="116" hits="1"/>
						<line number="118" hits="1"/>
						<line number="119" hits="0"/>
						<line number="122" hits="1"/>
						<line number="124" hits="1"/>
						<line number="127" hits="1"/>
						<line number="198" hits="0"/>
						<line number="201" hits="0"/>
						<line number="203" hits="0"/>
						<line number="204" hits="0"/>
						<line number="206" hits="0"/>
						<line number="207" hits="0"/>
						<line number="209" hits="0"/>
						<line number="210" hits="0"/>
						<line number="213" hits="0"/>
						<line number="214" hits="0"/>
						<line number="217" hits="0"/>
						<line number="227" hits="0"/>
						<line number="229" hits="0"/>
					</lines>
				</class>
				<class name="spinner.py" filename="src/faststrap/components/feedback/spinner.py" complexity="0" line-rate="1" branch-rate="0">
					<methods/>
					<lines>
						<line number="3" hits="1"/>
						<line number="5" hits="1"/>
						<line number="7" hits="1"/>
						<line number="8" hits="1"/>
						<line number="10" hits="1"/>
						<line number="11" hits="1"/>
						<line number="16" hits="1"/>
						<line number="96" hits="1"/>
						<line number="98" hits="1"/>
						<line number="99" hits="1"/>
						<line number="101" hits="1"/>
						<line number="102" hits="1"/>
						<line number="105" hits="1"/>
						<line number="106" hits="1"/>
						<line number="109" hits="1"/>
						<line number="115" hits="1"/>
						<line number="118" hits="1"/>
						<line number="120" hits="1"/>
					</lines>
				</class>
				<class name="toast.py" filename="src/faststrap/components/feedback/toast.py" complexity="0" line-rate="1" branch-rate="0">
					<methods/>
					<lines>
						<line number="3" hits="1"/>
						<line number="5" hits="1"/>
						<line number="7" hits="1"/>
						<line number="8" hits="1"/>
						<line number="10" hits="1"/>
						<line number="22" hits="1"/>
						<line number="84" hits="1"/>
						<line number="87" hits="1"/>
						<line number="88" hits="1"/>
						<line number="91" hits="1"/>
						<line number="92" hits="1"/>
						<line number="95" hits="1"/>
						<line number="103" hits="1"/>
						<line number="104" hits="1"/>
						<line number="105" hits="1"/>
						<line number="107" hits="1"/>
						<line number="109" hits="1"/>
						<line number="110" hits="1"/>
						<line number="113" hits="1"/>
						<line number="116" hits="1"/>
						<line number="119" hits="1"/>
						<line number="120" hits="1"/>
						<line number="130" hits="1"/>
						<line number="133" hits="1"/>
						<line number="134" hits="1"/>
						<line number="136" hits="1"/>
						<line number="139" hits="1"/>
						<line number="180" hits="1"/>
						<line number="183" hits="1"/>
						<line number="195" hits="1"/>
						<line number="198" hits="1"/>
						<line number="199" hits="1"/>
						<line number="202" hits="1"/>
						<line number="203" hits="1"/>
						<line number="205" hits="1"/>
					</lines>
				</class>
			</classes>
		</package>
		<package name="src.faststrap.components.forms" line-rate="0.9928" branch-rate="0" complexity="0">
			<classes>
				<class name="__init__.py" filename="src/faststrap/components/forms/__init__.py" complexity="0" line-rate="1" branch-rate="0">
					<methods/>
					<lines>
						<line number="3" hits="1"/>
						<line number="4" hits="1"/>
						<line number="5" hits="1"/>
						<line number="6" hits="1"/>
						<line number="8" hits="1"/>
					</lines>
				</class>
				<class name="button.py" filename="src/faststrap/components/forms/button.py" complexity="0" line-rate="1" branch-rate="0">
					<methods/>
					<lines>
						<line number="3" hits="1"/>
						<line number="5" hits="1"/>
						<line number="6" hits="1"/>
						<line number="8" hits="1"/>
						<line number="9" hits="1"/>
						<line number="11" hits="1"/>
						<line number="14" hits="1"/>
						<line number="17" hits="1"/>
						<line number="53" hits="1"/>
						<line number="54" hits="1"/>
						<line number="56" hits="1"/>
						<line number="59" hits="1"/>
						<line number="60" hits="1"/>
						<line number="63" hits="1"/>
						<line number="64" hits="1"/>
						<line number="67" hits="1"/>
						<line number="70" hits="1"/>
						<line number="71" hits="1"/>
						<line number="74" hits="1"/>
						<line number="77" hits="1"/>
						<line number="79" hits="1"/>
						<line number="80" hits="1"/>
						<line number="83" hits="1"/>
						<line number="84" hits="1"/>
						<line number="85" hits="1"/>
						<line number="86" hits="1"/>
						<line number="88" hits="1"/>
					</lines>
				</class>
				<class name="buttongroup.py" filename="src/faststrap/components/forms/buttongroup.py" complexity="0" line-rate="1" branch-rate="0">
					<methods/>
					<lines>
						<line number="3" hits="1"/>
						<line number="5" hits="1"/>
						<line number="7" hits="1"/>
						<line number="8" hits="1"/>
						<line number="10" hits="1"/>
						<line number="13" hits="1"/>
						<line number="76" hits="1"/>
						<line number="79" hits="1"/>
						<line number="80" hits="1"/>
						<line number="83" hits="1"/>
						<line number="84" hits="1"/>
						<line number="87" hits="1"/>
						<line number="93" hits="1"/>
						<line number="95" hits="1"/>
						<line number="98" hits="1"/>
						<line number="128" hits="1"/>
						<line number="131" hits="1"/>
						<line number="132" hits="1"/>
						<line number="135" hits="1"/>
						<line number="141" hits="1"/>
						<line number="143" hits="1"/>
					</lines>
				</class>
				<class name="input.py" filename="src/faststrap/components/forms/input.py" complexity="0" line-rate="1" branch-rate="0">
					<methods/>
					<lines>
						<line number="3" hits="1"/>
						<line number="5" hits="1"/>
						<line number="6" hits="1"/>
						<line number="8" hits="1"/>
						<line number="9" hits="1"/>
						<line number="11" hits="1"/>
						<line number="12" hits="1"/>
						<line number="15" hits="1"/>
						<line number="95" hits="1"/>
						<line number="98" hits="1"/>
						<line number="99" hits="1"/>
						<line number="100" hits="1"/>
						<line number="102" hits="1"/>
						<line number="103" hits="1"/>
						<line number="106" hits="1"/>
						<line number="113" hits="1"/>
						<line number="114" hits="1"/>
						<line number="116" hits="1"/>
						<line number="117" hits="1"/>
						<line number="119" hits="1"/>
						<line number="120" hits="1"/>
						<line number="122" hits="1"/>
						<line number="123" hits="1"/>
						<line number="125" hits="1"/>
						<line number="126" hits="1"/>
						<line number="129" hits="1"/>
						<line number="130" hits="1"/>
						<line number="133" hits="1"/>
						<line number="136" hits="1"/>
						<line number="139" hits="1"/>
						<line number="140" hits="1"/>
						<line number="143" hits="1"/>
						<line number="145" hits="1"/>
						<line number="146" hits="1"/>
						<line number="153" hits="1"/>
						<line number="155" hits="1"/>
						<line number="157" hits="1"/>
						<line number="158" hits="1"/>
						<line number="159" hits="1"/>
						<line number="161" hits="1"/>
					</lines>
				</class>
				<class name="select.py" filename="src/faststrap/components/forms/select.py" complexity="0" line-rate="0.9783" branch-rate="0">
					<methods/>
					<lines>
						<line number="3" hits="1"/>
						<line number="5" hits="1"/>
						<line number="6" hits="1"/>
						<line number="8" hits="1"/>
						<line number="9" hits="1"/>
						<line number="11" hits="1"/>
						<line number="14" hits="1"/>
						<line number="103" hits="1"/>
						<line number="106" hits="1"/>
						<line number="107" hits="1"/>
						<line number="108" hits="1"/>
						<line number="110" hits="1"/>
						<line number="111" hits="1"/>
						<line number="114" hits="1"/>
						<line number="120" hits="1"/>
						<line number="121" hits="1"/>
						<line number="123" hits="1"/>
						<line number="124" hits="1"/>
						<line number="126" hits="1"/>
						<line number="127" hits="1"/>
						<line number="130" hits="1"/>
						<line number="131" hits="1"/>
						<line number="134" hits="1"/>
						<line number="137" hits="1"/>
						<line number="138" hits="1"/>
						<line number="139" hits="1"/>
						<line number="141" hits="1"/>
						<line number="142" hits="1"/>
						<line number="143" hits="1"/>
						<line number="144" hits="1"/>
						<line number="146" hits="0"/>
						<line number="150" hits="1"/>
						<line number="151" hits="1"/>
						<line number="152" hits="1"/>
						<line number="154" hits="1"/>
						<line number="157" hits="1"/>
						<line number="160" hits="1"/>
						<line number="161" hits="1"/>
						<line number="164" hits="1"/>
						<line number="166" hits="1"/>
						<line number="167" hits="1"/>
						<line number="177" hits="1"/>
						<line number="179" hits="1"/>
						<line number="180" hits="1"/>
						<line number="181" hits="1"/>
						<line number="183" hits="1"/>
					</lines>
				</class>
			</classes>
		</package>
		<package name="src.faststrap.components.layout" line-rate="0.8732" branch-rate="0" complexity="0">
			<classes>
				<class name="__init__.py" filename="src/faststrap/components/layout/__init__.py" complexity="0" line-rate="1" branch-rate="0">
					<methods/>
					<lines>
						<line number="3" hits="1"/>
						<line number="5" hits="1"/>
					</lines>
				</class>
				<class name="grid.py" filename="src/faststrap/components/layout/grid.py" complexity="0" line-rate="0.8696" branch-rate="0">
					<methods/>
					<lines>
						<line number="3" hits="1"/>
						<line number="5" hits="1"/>
						<line number="7" hits="1"/>
						<line number="8" hits="1"/>
						<line number="10" hits="1"/>
						<line number="11" hits="1"/>
						<line number="14" hits="1"/>
						<line number="46" hits="1"/>
						<line number="47" hits="1"/>
						<line number="48" hits="1"/>
						<line number="49" hits="1"/>
						<line number="51" hits="1"/>
						<line number="54" hits="1"/>
						<line number="55" hits="1"/>
						<line number="58" hits="1"/>
						<line number="59" hits="1"/>
						<line number="61" hits="1"/>
						<line number="64" hits="1"/>
						<line number="103" hits="1"/>
						<line number="106" hits="1"/>
						<line number="107" hits="1"/>
						<line number="108" hits="1"/>
						<line number="109" hits="0"/>
						<line number="110" hits="1"/>
						<line number="111" hits="1"/>
						<line number="112" hits="1"/>
						<line number="113" hits="1"/>
						<line number="114" hits="1"/>
						<line number="115" hits="0"/>
						<line number="116" hits="1"/>
						<line number="117" hits="0"/>
						<line number="120" hits="1"/>
						<line number="121" hits="1"/>
						<line number="124" hits="1"/>
						<line number="125" hits="1"/>
						<line number="127" hits="1"/>
						<line number="130" hits="1"/>
						<line number="184" hits="1"/>
						<line number="187" hits="1"/>
						<line number="188" hits="1"/>
						<line number="189" hits="1"/>
						<line number="190" hits="1"/>
						<line number="193" hits="1"/>
						<line number="194" hits="0"/>
						<line number="195" hits="1"/>
						<line number="196" hits="1"/>
						<line number="197" hits="1"/>
						<line number="198" hits="1"/>
						<line number="199" hits="1"/>
						<line number="200" hits="0"/>
						<line number="201" hits="1"/>
						<line number="202" hits="0"/>
						<line number="205" hits="1"/>
						<line number="206" hits="1"/>
						<line number="207" hits="1"/>
						<line number="208" hits="0"/>
						<line number="209" hits="1"/>
						<line number="210" hits="1"/>
						<line number="211" hits="1"/>
						<line number="212" hits="1"/>
						<line number="213" hits="1"/>
						<line number="214" hits="0"/>
						<line number="215" hits="1"/>
						<line number="216" hits="0"/>
						<line number="219" hits="1"/>
						<line number="220" hits="1"/>
						<line number="223" hits="1"/>
						<line number="224" hits="1"/>
						<line number="226" hits="1"/>
					</lines>
				</class>
			</classes>
		</package>
		<package name="src.faststrap.components.navigation" line-rate="0.9502" branch-rate="0" complexity="0">
			<classes>
				<class name="__init__.py" filename="src/faststrap/components/navigation/__init__.py" complexity="0" line-rate="1" branch-rate="0">
					<methods/>
					<lines>
						<line number="3" hits="1"/>
						<line number="4" hits="1"/>
						<line number="5" hits="1"/>
						<line number="6" hits="1"/>
						<line number="7" hits="1"/>
						<line number="8" hits="1"/>
						<line number="10" hits="1"/>
					</lines>
				</class>
				<class name="breadcrumb.py" filename="src/faststrap/components/navigation/breadcrumb.py" complexity="0" line-rate="0.9565" branch-rate="0">
					<methods/>
					<lines>
						<line number="3" hits="1"/>
						<line number="5" hits="1"/>
						<line number="7" hits="1"/>
						<line number="8" hits="1"/>
						<line number="11" hits="1"/>
						<line number="72" hits="1"/>
						<line number="73" hits="1"/>
						<line number="75" hits="1"/>
						<line number="77" hits="1"/>
						<line number="78" hits="1"/>
						<line number="79" hits="1"/>
						<line number="80" hits="1"/>
						<line number="81" hits="1"/>
						<line number="83" hits="0"/>
						<line number="88" hits="1"/>
						<line number="91" hits="1"/>
						<line number="93" hits="1"/>
						<line number="96" hits="1"/>
						<line number="99" hits="1"/>
						<line number="100" hits="1"/>
						<line number="103" hits="1"/>
						<line number="104" hits="1"/>
						<line number="106" hits="1"/>
					</lines>
				</class>
				<class name="drawer.py" filename="src/faststrap/components/navigation/drawer.py" complexity="0" line-rate="0.96" branch-rate="0">
					<methods/>
					<lines>
						<line number="3" hits="1"/>
						<line number="5" hits="1"/>
						<line number="7" hits="1"/>
						<line number="8" hits="1"/>
						<line number="10" hits="1"/>
						<line number="14" hits="1"/>
						<line number="87" hits="1"/>
						<line number="89" hits="1"/>
						<line number="90" hits="0"/>
						<line number="93" hits="1"/>
						<line number="94" hits="1"/>
						<line number="97" hits="1"/>
						<line number="104" hits="1"/>
						<line number="105" hits="1"/>
						<line number="107" hits="1"/>
						<line number="108" hits="1"/>
						<line number="111" hits="1"/>
						<line number="112" hits="1"/>
						<line number="115" hits="1"/>
						<line number="118" hits="1"/>
						<line number="119" hits="1"/>
						<line number="129" hits="1"/>
						<line number="132" hits="1"/>
						<line number="133" hits="1"/>
						<line number="136" hits="1"/>
					</lines>
				</class>
				<class name="dropdown.py" filename="src/faststrap/components/navigation/dropdown.py" complexity="0" line-rate="0.8871" branch-rate="0">
					<methods/>
					<lines>
						<line number="3" hits="1"/>
						<line number="5" hits="1"/>
						<line number="7" hits="1"/>
						<line number="8" hits="1"/>
						<line number="10" hits="1"/>
						<line number="14" hits="1"/>
						<line number="17" hits="1"/>
						<line number="83" hits="1"/>
						<line number="85" hits="1"/>
						<line number="94" hits="1"/>
						<line number="95" hits="1"/>
						<line number="98" hits="1"/>
						<line number="99" hits="1"/>
						<line number="100" hits="1"/>
						<line number="102" hits="1"/>
						<line number="104" hits="1"/>
						<line number="107" hits="1"/>
						<line number="109" hits="1"/>
						<line number="111" hits="1"/>
						<line number="114" hits="1"/>
						<line number="125" hits="1"/>
						<line number="137" hits="1"/>
						<line number="139" hits="1"/>
						<line number="141" hits="1"/>
						<line number="142" hits="1"/>
						<line number="143" hits="1"/>
						<line number="146" hits="1"/>
						<line number="147" hits="0"/>
						<line number="148" hits="0"/>
						<line number="151" hits="1"/>
						<line number="152" hits="1"/>
						<line number="162" hits="1"/>
						<line number="165" hits="1"/>
						<line number="166" hits="0"/>
						<line number="168" hits="0"/>
						<line number="169" hits="0"/>
						<line number="170" hits="0"/>
						<line number="171" hits="0"/>
						<line number="174" hits="1"/>
						<line number="177" hits="1"/>
						<line number="185" hits="1"/>
						<line number="186" hits="1"/>
						<line number="188" hits="1"/>
						<line number="189" hits="1"/>
						<line number="191" hits="1"/>
						<line number="194" hits="1"/>
						<line number="216" hits="1"/>
						<line number="217" hits="1"/>
						<line number="218" hits="1"/>
						<line number="219" hits="1"/>
						<line number="220" hits="1"/>
						<line number="222" hits="1"/>
						<line number="224" hits="1"/>
						<line number="229" hits="1"/>
						<line number="230" hits="1"/>
						<line number="231" hits="1"/>
						<line number="233" hits="1"/>
						<line number="234" hits="1"/>
						<line number="236" hits="1"/>
						<line number="238" hits="1"/>
						<line number="241" hits="1"/>
						<line number="250" hits="1"/>
					</lines>
				</class>
				<class name="navbar.py" filename="src/faststrap/components/navigation/navbar.py" complexity="0" line-rate="0.9434" branch-rate="0">
					<methods/>
					<lines>
						<line number="3" hits="1"/>
						<line number="5" hits="1"/>
						<line number="7" hits="1"/>
						<line number="8" hits="1"/>
						<line number="10" hits="1"/>
						<line number="11" hits="1"/>
						<line number="14" hits="1"/>
						<line number="95" hits="1"/>
						<line number="98" hits="1"/>
						<line number="99" hits="1"/>
						<line number="102" hits="1"/>
						<line number="103" hits="1"/>
						<line number="106" hits="1"/>
						<line number="107" hits="1"/>
						<line number="110" hits="1"/>
						<line number="111" hits="1"/>
						<line number="112" hits="1"/>
						<line number="113" hits="1"/>
						<line number="116" hits="1"/>
						<line number="117" hits="1"/>
						<line number="120" hits="1"/>
						<line number="121" hits="1"/>
						<line number="124" hits="1"/>
						<line number="127" hits="1"/>
						<line number="128" hits="1"/>
						<line number="131" hits="1"/>
						<line number="134" hits="1"/>
						<line number="135" hits="1"/>
						<line number="136" hits="1"/>
						<line number="139" hits="1"/>
						<line number="140" hits="1"/>
						<line number="141" hits="1"/>
						<line number="143" hits="1"/>
						<line number="145" hits="1"/>
						<line number="147" hits="1"/>
						<line number="157" hits="1"/>
						<line number="160" hits="1"/>
						<line number="161" hits="1"/>
						<line number="164" hits="0"/>
						<line number="166" hits="1"/>
						<line number="169" hits="1"/>
						<line number="170" hits="0"/>
						<line number="172" hits="1"/>
						<line number="174" hits="1"/>
						<line number="175" hits="1"/>
						<line number="176" hits="1"/>
						<line number="178" hits="1"/>
						<line number="180" hits="1"/>
						<line number="190" hits="1"/>
						<line number="192" hits="1"/>
						<line number="193" hits="1"/>
						<line number="195" hits="0"/>
						<line number="197" hits="1"/>
					</lines>
				</class>
				<class name="pagination.py" filename="src/faststrap/components/navigation/pagination.py" complexity="0" line-rate="1" branch-rate="0">
					<methods/>
					<lines>
						<line number="3" hits="1"/>
						<line number="5" hits="1"/>
						<line number="7" hits="1"/>
						<line number="8" hits="1"/>
						<line number="10" hits="1"/>
						<line number="11" hits="1"/>
						<line number="14" hits="1"/>
						<line number="87" hits="1"/>
						<line number="88" hits="1"/>
						<line number="89" hits="1"/>
						<line number="92" hits="1"/>
						<line number="97" hits="1"/>
						<line number="98" hits="1"/>
						<line number="101" hits="1"/>
						<line number="102" hits="1"/>
						<line number="103" hits="1"/>
						<line number="106" hits="1"/>
						<line number="107" hits="1"/>
						<line number="110" hits="1"/>
						<line number="113" hits="1"/>
						<line number="114" hits="1"/>
						<line number="117" hits="1"/>
						<line number="118" hits="1"/>
						<line number="119" hits="1"/>
						<line number="120" hits="1"/>
						<line number="132" hits="1"/>
						<line number="133" hits="1"/>
						<line number="134" hits="1"/>
						<line number="135" hits="1"/>
						<line number="144" hits="1"/>
						<line number="145" hits="1"/>
						<line number="146" hits="1"/>
						<line number="147" hits="1"/>
						<line number="159" hits="1"/>
						<line number="160" hits="1"/>
						<line number="165" hits="1"/>
						<line number="168" hits="1"/>
						<line number="169" hits="1"/>
						<line number="171" hits="1"/>
					</lines>
				</class>
				<class name="tabs.py" filename="src/faststrap/components/navigation/tabs.py" complexity="0" line-rate="0.9808" branch-rate="0">
					<methods/>
					<lines>
						<line number="10" hits="1"/>
						<line number="12" hits="1"/>
						<line number="15" hits="1"/>
						<line number="16" hits="1"/>
						<line number="18" hits="1"/>
						<line number="21" hits="1"/>
						<line number="83" hits="1"/>
						<line number="84" hits="1"/>
						<line number="86" hits="1"/>
						<line number="87" hits="1"/>
						<line number="88" hits="1"/>
						<line number="89" hits="1"/>
						<line number="90" hits="1"/>
						<line number="91" hits="1"/>
						<line number="94" hits="1"/>
						<line number="95" hits="1"/>
						<line number="97" hits="1"/>
						<line number="98" hits="1"/>
						<line number="99" hits="1"/>
						<line number="100" hits="1"/>
						<line number="101" hits="1"/>
						<line number="102" hits="1"/>
						<line number="104" hits="0"/>
						<line number="107" hits="1"/>
						<line number="108" hits="1"/>
						<line number="110" hits="1"/>
						<line number="111" hits="1"/>
						<line number="114" hits="1"/>
						<line number="116" hits="1"/>
						<line number="118" hits="1"/>
						<line number="128" hits="1"/>
						<line number="129" hits="1"/>
						<line number="130" hits="1"/>
						<line number="135" hits="1"/>
						<line number="137" hits="1"/>
						<line number="140" hits="1"/>
						<line number="141" hits="1"/>
						<line number="143" hits="1"/>
						<line number="147" hits="1"/>
						<line number="149" hits="1"/>
						<line number="152" hits="1"/>
						<line number="155" hits="1"/>
						<line number="163" hits="1"/>
						<line number="166" hits="1"/>
						<line number="187" hits="1"/>
						<line number="188" hits="1"/>
						<line number="189" hits="1"/>
						<line number="191" hits="1"/>
						<line number="192" hits="1"/>
						<line number="194" hits="1"/>
						<line number="203" hits="1"/>
						<line number="205" hits="1"/>
					</lines>
				</class>
			</classes>
		</package>
		<package name="src.faststrap.core" line-rate="0.2621" branch-rate="0" complexity="0">
			<classes>
				<class name="__init__.py" filename="src/faststrap/core/__init__.py" complexity="0" line-rate="1" branch-rate="0">
					<methods/>
					<lines>
						<line number="3" hits="1"/>
						<line number="4" hits="1"/>
						<line number="6" hits="1"/>
					</lines>
				</class>
				<class name="assets.py" filename="src/faststrap/core/assets.py" complexity="0" line-rate="0.1912" branch-rate="0">
					<methods/>
					<lines>
						<line number="6" hits="1"/>
						<line number="7" hits="1"/>
						<line number="8" hits="1"/>
						<line number="10" hits="1"/>
						<line number="11" hits="1"/>
						<line number="13" hits="1"/>
						<line number="16" hits="1"/>
						<line number="17" hits="1"/>
						<line number="21" hits="1"/>
						<line number="41" hits="1"/>
						<line number="43" hits="0"/>
						<line number="44" hits="0"/>
						<line number="52" hits="1"/>
						<line number="74" hits="1"/>
						<line number="88" hits="0"/>
						<line number="89" hits="0"/>
						<line number="91" hits="0"/>
						<line number="92" hits="0"/>
						<line number="94" hits="0"/>
						<line number="95" hits="0"/>
						<line number="97" hits="0"/>
						<line number="98" hits="0"/>
						<line number="99" hits="0"/>
						<line number="102" hits="1"/>
						<line number="142" hits="0"/>
						<line number="143" hits="0"/>
						<line number="145" hits="0"/>
						<line number="146" hits="0"/>
						<line number="149" hits="0"/>
						<line number="150" hits="0"/>
						<line number="151" hits="0"/>
						<line number="153" hits="0"/>
						<line number="156" hits="0"/>
						<line number="159" hits="0"/>
						<line number="160" hits="0"/>
						<line number="162" hits="0"/>
						<line number="163" hits="0"/>
						<line number="165" hits="0"/>
						<line number="166" hits="0"/>
						<line number="169" hits="0"/>
						<line number="175" hits="0"/>
						<line number="176" hits="0"/>
						<line number="178" hits="0"/>
						<line number="180" hits="0"/>
						<line number="181" hits="0"/>
						<line number="183" hits="0"/>
						<line number="186" hits="0"/>
						<line number="187" hits="0"/>
						<line number="188" hits="0"/>
						<line number="189" hits="0"/>
						<line number="192" hits="0"/>
						<line number="193" hits="0"/>
						<line number="194" hits="0"/>
						<line number="195" hits="0"/>
						<line number="196" hits="0"/>
						<line number="202" hits="0"/>
						<line number="203" hits="0"/>
						<line number="205" hits="0"/>
						<line number="209" hits="0"/>
						<line number="212" hits="0"/>
						<line number="222" hits="0"/>
						<line number="223" hits="0"/>
						<line number="224" hits="0"/>
						<line number="225" hits="0"/>
						<line number="226" hits="0"/>
						<line number="227" hits="0"/>
						<line number="231" hits="0"/>
						<line number="233" hits="0"/>
					</lines>
				</class>
				<class name="base.py" filename="src/faststrap/core/base.py" complexity="0" line-rate="0.5641" branch-rate="0">
					<methods/>
					<lines>
						<line number="3" hits="1"/>
						<line number="4" hits="1"/>
						<line number="7" hits="1"/>
						<line number="10" hits="1"/>
						<line number="15" hits="1"/>
						<line number="18" hits="1"/>
						<line number="19" hits="0"/>
						<line number="20" hits="0"/>
						<line number="21" hits="0"/>
						<line number="23" hits="1"/>
						<line number="24" hits="1"/>
						<line number="26" hits="0"/>
						<line number="28" hits="1"/>
						<line number="30" hits="0"/>
						<line number="31" hits="0"/>
						<line number="33" hits="1"/>
						<line number="35" hits="0"/>
						<line number="38" hits="0"/>
						<line number="39" hits="0"/>
						<line number="40" hits="0"/>
						<line number="41" hits="0"/>
						<line number="42" hits="0"/>
						<line number="43" hits="0"/>
						<line number="44" hits="0"/>
						<line number="46" hits="0"/>
						<line number="47" hits="0"/>
						<line number="49" hits="0"/>
						<line number="52" hits="1"/>
						<line number="54" hits="1"/>
						<line number="55" hits="1"/>
						<line number="57" hits="1"/>
						<line number="58" hits="1"/>
						<line number="59" hits="1"/>
						<line number="61" hits="1"/>
						<line number="62" hits="1"/>
						<line number="63" hits="1"/>
						<line number="64" hits="1"/>
						<line number="65" hits="1"/>
						<line number="67" hits="1"/>
					</lines>
				</class>
				<class name="registry.py" filename="src/faststrap/core/registry.py" complexity="0" line-rate="0" branch-rate="0">
					<methods/>
					<lines>
						<line number="3" hits="0"/>
						<line number="5" hits="0"/>
						<line number="6" hits="0"/>
						<line number="7" hits="0"/>
						<line number="10" hits="0"/>
						<line number="12" hits="0"/>
						<line number="15" hits="0"/>
						<line number="32" hits="0"/>
						<line number="33" hits="0"/>
						<line number="35" hits="0"/>
						<line number="46" hits="0"/>
						<line number="47" hits="0"/>
						<line number="50" hits="0"/>
						<line number="52" hits="0"/>
						<line number="55" hits="0"/>
						<line number="57" hits="0"/>
						<line number="60" hits="0"/>
						<line number="62" hits="0"/>
						<line number="65" hits="0"/>
						<line number="75" hits="0"/>
						<line number="76" hits="0"/>
						<line number="78" hits="0"/>
						<line number="81" hits="0"/>
						<line number="83" hits="0"/>
						<line number="84" hits="0"/>
						<line number="86" hits="0"/>
						<line number="87" hits="0"/>
						<line number="90" hits="0"/>
						<line number="93" hits="0"/>
						<line number="95" hits="0"/>
						<line number="96" hits="0"/>
						<line number="98" hits="0"/>
						<line number="104" hits="0"/>
						<line number="105" hits="0"/>
						<line number="109" hits="0"/>
					</lines>
				</class>
			</classes>
		</package>
		<package name="src.faststrap.utils" line-rate="0.3163" branch-rate="0" complexity="0">
			<classes>
				<class name="__init__.py" filename="src/faststrap/utils/__init__.py" complexity="0" line-rate="1" branch-rate="0">
					<methods/>
					<lines>
						<line number="3" hits="1"/>
						<line number="4" hits="1"/>
						<line number="9" hits="1"/>
					</lines>
				</class>
				<class name="attrs.py" filename="src/faststrap/utils/attrs.py" complexity="0" line-rate="0.875" branch-rate="0">
					<methods/>
					<lines>
						<line number="4" hits="1"/>
						<line number="7" hits="1"/>
						<line number="26" hits="1"/>
						<line number="27" hits="1"/>
						<line number="29" hits="1"/>
						<line number="30" hits="0"/>
						<line number="33" hits="1"/>
						<line number="35" hits="1"/>
					</lines>
				</class>
				<class name="icons.py" filename="src/faststrap/utils/icons.py" complexity="0" line-rate="0.6" branch-rate="0">
					<methods/>
					<lines>
						<line number="3" hits="1"/>
						<line number="5" hits="1"/>
						<line number="8" hits="1"/>
						<line number="21" hits="0"/>
						<line number="22" hits="0"/>
					</lines>
				</class>
				<class name="static_management.py" filename="src/faststrap/utils/static_management.py" complexity="0" line-rate="0.2195" branch-rate="0">
					<methods/>
					<lines>
						<line number="5" hits="1"/>
						<line number="7" hits="1"/>
						<line number="8" hits="1"/>
						<line number="9" hits="1"/>
						<line number="10" hits="1"/>
						<line number="11" hits="1"/>
						<line number="14" hits="1"/>
						<line number="15" hits="1"/>
						<line number="18" hits="1"/>
						<line number="19" hits="1"/>
						<line number="20" hits="1"/>
						<line number="23" hits="1"/>
						<line number="31" hits="0"/>
						<line number="32" hits="0"/>
						<line number="34" hits="0"/>
						<line number="35" hits="0"/>
						<line number="36" hits="0"/>
						<line number="39" hits="0"/>
						<line number="40" hits="0"/>
						<line number="41" hits="0"/>
						<line number="43" hits="0"/>
						<line number="44" hits="0"/>
						<line number="47" hits="0"/>
						<line number="48" hits="0"/>
						<line number="51" hits="0"/>
						<line number="53" hits="0"/>
						<line number="55" hits="0"/>
						<line number="57" hits="0"/>
						<line number="58" hits="0"/>
						<line number="59" hits="0"/>
						<line number="60" hits="0"/>
						<line number="61" hits="0"/>
						<line number="64" hits="1"/>
						<line number="66" hits="0"/>
						<line number="68" hits="0"/>
						<line number="69" hits="0"/>
						<line number="70" hits="0"/>
						<line number="71" hits="0"/>
						<line number="74" hits="1"/>
						<line number="84" hits="0"/>
						<line number="87" hits="0"/>
						<line number="88" hits="0"/>
						<line number="91" hits="0"/>
						<line number="92" hits="0"/>
						<line number="93" hits="0"/>
						<line number="96" hits="0"/>
						<line number="97" hits="0"/>
						<line number="98" hits="0"/>
						<line number="99" hits="0"/>
						<line number="100" hits="0"/>
						<line number="101" hits="0"/>
						<line number="102" hits="0"/>
						<line number="103" hits="0"/>
						<line number="106" hits="1"/>
						<line number="116" hits="0"/>
						<line number="120" hits="1"/>
						<line number="123" hits="0"/>
						<line number="124" hits="0"/>
						<line number="125" hits="0"/>
						<line number="127" hits="0"/>
						<line number="128" hits="0"/>
						<line number="132" hits="1"/>
						<line number="140" hits="0"/>
						<line number="142" hits="0"/>
						<line number="143" hits="0"/>
						<line number="144" hits="0"/>
						<line number="145" hits="0"/>
						<line number="146" hits="0"/>
						<line number="147" hits="0"/>
						<line number="148" hits="0"/>
						<line number="149" hits="0"/>
						<line number="150" hits="0"/>
						<line number="151" hits="0"/>
						<line number="153" hits="0"/>
						<line number="155" hits="0"/>
						<line number="160" hits="0"/>
						<line number="161" hits="0"/>
						<line number="163" hits="0"/>
						<line number="166" hits="1"/>
						<line number="168" hits="0"/>
						<line number="169" hits="0"/>
						<line number="171" hits="0"/>
					</lines>
				</class>
			</classes>
		</package>
	</packages>
</coverage>
